True coincidence factor calculation results.

Decay branch(es):
 Co-60   B-  Ni-60 (5.27113 y) - 100%

Date: 22/03/2021
Time: 19:13:11

Calculation settings:
cp.xrays = true
cp.annihilation = true
cp.angular = true
cp.angle_optimize = false
cp.calc_full_eff = false
cp.calc_spectrum = true
cp.calc_coincidence = true
cp.CP_CalcScat = true
cp.calc_effc = false
cp.calc_electron = false

DetectorType = COAXIAL
DC_CrystalDiameter = 5.51 cm
DC_CrystalHeight = 3.3 cm
DC_CrystalHoleDiameter = 1.02 cm
DC_CrystalHoleHeight = 1.99 cm
DC_CrystalFrontDeadLayer = 0.1 cm
DC_CrystalSideDeadLayer = 0.07 cm
DC_CrystalBackDeadLayer = 0.07 cm
DC_CrystalHoleBottomDeadLayer = 0.0003 cm
DC_CrystalHoleSideDeadLayer = 0.0003 cm
DC_CrystalSideCladdingThickness = 0.08 cm
DC_CapToCrystalDistance = 0.3 cm
DC_DetectorCapDiameter = 7 cm
DC_DetectorCapFrontThickness = 0.103 cm
DC_DetectorCapSideThickness = 0.1 cm
DC_DetectorCapBackThickness = 0.1 cm
DC_DetectorMountingThickness = 3 cm
DC_CrystalCurvatureRadius = 0 cm

SourceType = POINT
pdistance = 1 cm
prho = 0 cm

DC_nCrystalElements = 1
DC_ZCrystal[0] = 32
DC_FractionTypeCrystal = MASS
DC_FractionsCrystal[0] = 1
DC_RoCrystal = 5.323
DC_nCrystalSideCladdingElements = 1
DC_ZCrystalSideCladding[0] = 13
DC_FractionTypeCrystalSideCladding = MASS
DC_FractionsCrystalSideCladding[0] = 1
DC_RoCrystalSideCladding = 2.7
DC_nCrystalMountingElements = 1
DC_ZCrystalMounting[0] = 13
DC_FractionTypeCrystalMounting = MASS
DC_FractionsCrystalMounting[0] = 1
DC_RoCrystalMounting = 2.7
DC_nDetectorCapElements = 1
DC_ZDetectorCap[0] = 13
DC_FractionTypeDetectorCap = MASS
DC_FractionsDetectorCap[0] = 1
DC_RoDetectorCap = 2.7
DC_nVacuum = 1
DC_ZVacuum[0] = 13
DC_FractionTypeVacuum = MASS
DC_FractionsVacuum[0] = 1
DC_RoVacuum = 1e-10



Number of simulated decays: 1000000

Results:
-----------------------------------------------------------------------------------
##	E, MeV	I	dI(%)	CF	dCF(%)	Eff	dEff(%)	Areas	AreasCoi
-----------------------------------------------------------------------------------
1	0.007325	5.4618e-11	3.0000	0.00000	0.00	1.83e+04	100.00	1.00	0.00
2	0.007461	3.3509e-05	3.0000	0.00000	0.00	0.00e+00	0.00	0.00	0.00
3	0.007478	6.5699e-05	3.0000	0.00000	0.00	0.00e+00	0.00	0.00	0.00
4	0.008265	1.1926e-05	2.2292	2.00000	141.42	8.38e-02	100.00	1.00	0.00
5	0.008329	7.2296e-09	3.0000	0.00000	0.00	0.00e+00	0.00	0.00	0.50
6	0.347140	7.5000e-05	5.3333	0.20000	109.54	1.33e-02	100.00	1.00	5.00
7	0.826100	7.6000e-05	10.5263	0.83333	92.38	3.29e-02	72.11	2.50	3.00
8	1.173228	9.9850e-01	0.0300	1.11033	1.08	1.81e-02	0.74	18054.00	16260.00
9	1.332492	9.9983e-01	0.0006	1.09583	1.14	1.61e-02	0.79	16112.00	14703.00
10	2.158570	1.2000e-05	16.6667	0.00000	0.00	0.00e+00	0.00	0.00	1.00
11	2.505692	2.0000e-08	20.0000	0.00000	0.00	0.00e+00	0.00	0.00	300.00
-----------------------------------------------------------------------------------
