True coincidence factor calculation results.

Decay branch(es):
 Co-290   B-  Co-290 (0 fs) - 100%

Date: 19/03/2021
Time: 19:29:11

Calculation settings:
cp.xrays = false
cp.annihilation = false
cp.angular = false
cp.angle_optimize = false
cp.calc_full_eff = false
cp.calc_spectrum = false
cp.calc_coincidence = false
cp.CP_CalcScat = false
cp.calc_effc = false
cp.calc_electron = false

DetectorType = COAXIAL
DC_CrystalDiameter = 5.51 cm
DC_CrystalHeight = 3.3 cm
DC_CrystalHoleDiameter = 1.02 cm
DC_CrystalHoleHeight = 1.99 cm
DC_CrystalFrontDeadLayer = 0.1 cm
DC_CrystalSideDeadLayer = 0.07 cm
DC_CrystalBackDeadLayer = 0.07 cm
DC_CrystalHoleBottomDeadLayer = 0.0003 cm
DC_CrystalHoleSideDeadLayer = 0.0003 cm
DC_CrystalSideCladdingThickness = 0.08 cm
DC_CapToCrystalDistance = 0.3 cm
DC_DetectorCapDiameter = 7 cm
DC_DetectorCapFrontThickness = 0.103 cm
DC_DetectorCapSideThickness = 0.1 cm
DC_DetectorCapBackThickness = 0.1 cm
DC_DetectorMountingThickness = 3 cm
DC_CrystalCurvatureRadius = 0 cm

SourceType = CYLINDER
SC_BeakerToDetectorFrontDistance = 0 cm
SC_BeakerDiameter = 8.8 cm
SC_BeakerHeight = 1.5 cm
SC_BeakerSideWallThickness = 0.1 cm
SC_BeakerEndWallThickness = 0.1 cm
SC_SourceHeight = 1.3 cm

DC_nCrystalElements = 1
DC_ZCrystal[0] = 32
DC_FractionTypeCrystal = MASS
DC_FractionsCrystal[0] = 1
DC_RoCrystal = 5.323
DC_nCrystalSideCladdingElements = 1
DC_ZCrystalSideCladding[0] = 13
DC_FractionTypeCrystalSideCladding = MASS
DC_FractionsCrystalSideCladding[0] = 1
DC_RoCrystalSideCladding = 2.7
DC_nCrystalMountingElements = 1
DC_ZCrystalMounting[0] = 13
DC_FractionTypeCrystalMounting = MASS
DC_FractionsCrystalMounting[0] = 1
DC_RoCrystalMounting = 2.7
DC_nDetectorCapElements = 1
DC_ZDetectorCap[0] = 13
DC_FractionTypeDetectorCap = MASS
DC_FractionsDetectorCap[0] = 1
DC_RoDetectorCap = 2.7
DC_nVacuum = 1
DC_ZVacuum[0] = 13
DC_FractionTypeVacuum = MASS
DC_FractionsVacuum[0] = 1
DC_RoVacuum = 1e-10

SC_nWallElements = 3
SC_ZWall[0] = 1
SC_ZWall[1] = 6
SC_ZWall[2] = 8
SC_FractionTypeWall = MASS
SC_FractionsWall[0] = 0.04196
SC_FractionsWall[1] = 0.625016
SC_FractionsWall[2] = 0.333024
SC_RoWall = 1.38
SC_nSourceElements = 2
SC_ZSource[0] = 1
SC_ZSource[1] = 8
SC_FractionTypeSource = MASS
SC_FractionsSource[0] = 0.111899
SC_FractionsSource[1] = 0.888101
SC_RoSource = 1
SC_nEmptySpaceElements = 3
SC_ZEmptySpace[0] = 7
SC_ZEmptySpace[1] = 8
SC_ZEmptySpace[2] = 18
SC_FractionTypeEmptySpace = MASS
SC_FractionsEmptySpace[0] = 0.755
SC_FractionsEmptySpace[1] = 0.2315
SC_FractionsEmptySpace[2] = 0.0129
SC_RoEmptySpace = 0.001


Number of simulated decays: 1000000

Results:
-----------------------------------------------------------------------------------
##	E, MeV	I	dI(%)	CF	dCF(%)	Eff	dEff(%)	Areas	AreasCoi
-----------------------------------------------------------------------------------
1	0.050000	1.0000e-01	0.0000	0.00000	0.00	8.00e-03	3.54	800.00	0.00
2	0.078803	1.0000e-01	0.0000	0.00000	0.00	4.78e-02	1.45	4777.00	0.00
3	0.124198	1.0000e-01	0.0000	0.00000	0.00	7.08e-02	1.19	7080.00	0.00
4	0.195743	1.0000e-01	0.0000	0.00000	0.00	5.98e-02	1.29	5978.00	0.00
5	0.308503	1.0000e-01	0.0000	0.00000	0.00	3.88e-02	1.60	3883.00	0.00
6	0.486219	1.0000e-01	0.0000	0.00000	0.00	2.48e-02	2.01	2480.00	0.00
7	0.766309	1.0000e-01	0.0000	0.00000	0.00	1.57e-02	2.52	1569.00	0.00
8	1.207749	1.0000e-01	0.0000	0.00000	0.00	1.12e-02	2.98	1123.00	0.00
9	1.903483	1.0000e-01	0.0000	0.00000	0.00	7.25e-03	3.71	725.50	0.00
10	3.000000	1.0000e-01	0.0000	0.00000	0.00	5.34e-03	4.33	534.00	0.00
-----------------------------------------------------------------------------------
