True coincidence factor calculation results.

Decay branch(es):
 Co-290   B-  Co-290 (0 fs) - 100%

Date: 19/03/2021
Time: 19:29:36

Calculation settings:
cp.xrays = false
cp.annihilation = false
cp.angular = false
cp.angle_optimize = false
cp.calc_full_eff = false
cp.calc_spectrum = false
cp.calc_coincidence = false
cp.CP_CalcScat = false
cp.calc_effc = false
cp.calc_electron = false

DetectorType = COAXIAL
DC_CrystalDiameter = 5.51 cm
DC_CrystalHeight = 3.3 cm
DC_CrystalHoleDiameter = 1.02 cm
DC_CrystalHoleHeight = 1.99 cm
DC_CrystalFrontDeadLayer = 0.1 cm
DC_CrystalSideDeadLayer = 0.07 cm
DC_CrystalBackDeadLayer = 0.07 cm
DC_CrystalHoleBottomDeadLayer = 0.0003 cm
DC_CrystalHoleSideDeadLayer = 0.0003 cm
DC_CrystalSideCladdingThickness = 0.08 cm
DC_CapToCrystalDistance = 0.3 cm
DC_DetectorCapDiameter = 7 cm
DC_DetectorCapFrontThickness = 0.103 cm
DC_DetectorCapSideThickness = 0.1 cm
DC_DetectorCapBackThickness = 0.1 cm
DC_DetectorMountingThickness = 3 cm
DC_CrystalCurvatureRadius = 0 cm

SourceType = MARINELLI
SM_BeakerToDetectorFrontDistance = 0 cm
SM_BeakerDiameter = 15.4 cm
SM_BeakerHeight = 11.2 cm
SM_BeakerHoleDiameter = 9.6 cm
SM_BeakerHoleHeight = 6.6 cm
SM_BeakerSideThickness = 0.2 cm
SM_BeakerEndWallThickness = 0.2 cm
SM_BeakerHoleSideThickness = 0.2 cm
SM_BeakerHoleEndWallThickness = 0.2 cm
SM_SourceHeight = 8.6 cm

DC_nCrystalElements = 1
DC_ZCrystal[0] = 32
DC_FractionTypeCrystal = MASS
DC_FractionsCrystal[0] = 1
DC_RoCrystal = 5.323
DC_nCrystalSideCladdingElements = 1
DC_ZCrystalSideCladding[0] = 13
DC_FractionTypeCrystalSideCladding = MASS
DC_FractionsCrystalSideCladding[0] = 1
DC_RoCrystalSideCladding = 2.7
DC_nCrystalMountingElements = 1
DC_ZCrystalMounting[0] = 13
DC_FractionTypeCrystalMounting = MASS
DC_FractionsCrystalMounting[0] = 1
DC_RoCrystalMounting = 2.7
DC_nDetectorCapElements = 1
DC_ZDetectorCap[0] = 13
DC_FractionTypeDetectorCap = MASS
DC_FractionsDetectorCap[0] = 1
DC_RoDetectorCap = 2.7
DC_nVacuum = 1
DC_ZVacuum[0] = 13
DC_FractionTypeVacuum = MASS
DC_FractionsVacuum[0] = 1
DC_RoVacuum = 1e-10

SM_nWallElements = 3
SM_ZWall[0] = 1
SM_ZWall[1] = 6
SM_ZWall[2] = 8
SM_FractionTypeWall = MASS
SM_FractionsWall[0] = 0.04196
SM_FractionsWall[1] = 0.625016
SM_FractionsWall[2] = 0.333024
SM_RoWall = 1.38
SM_nSourceElements = 2
SM_ZSource[0] = 1
SM_ZSource[1] = 8
SM_FractionTypeSource = MASS
SM_FractionsSource[0] = 0.111899
SM_FractionsSource[1] = 0.888101
SM_RoSource = 1
SM_nEmptySpaceElements = 3
SM_ZEmptySpace[0] = 7
SM_ZEmptySpace[1] = 8
SM_ZEmptySpace[2] = 18
SM_FractionTypeEmptySpace = MASS
SM_FractionsEmptySpace[0] = 0.755
SM_FractionsEmptySpace[1] = 0.2315
SM_FractionsEmptySpace[2] = 0.0129
SM_RoEmptySpace = 0.001


Number of simulated decays: 1000000

Results:
-----------------------------------------------------------------------------------
##	E, MeV	I	dI(%)	CF	dCF(%)	Eff	dEff(%)	Areas	AreasCoi
-----------------------------------------------------------------------------------
1	0.050000	1.0000e-01	0.0000	0.00000	0.00	4.61e-03	4.66	461.00	0.00
2	0.078803	1.0000e-01	0.0000	0.00000	0.00	1.73e-02	2.40	1735.00	0.00
3	0.124198	1.0000e-01	0.0000	0.00000	0.00	2.51e-02	1.99	2513.00	0.00
4	0.195743	1.0000e-01	0.0000	0.00000	0.00	2.16e-02	2.15	2156.00	0.00
5	0.308503	1.0000e-01	0.0000	0.00000	0.00	1.39e-02	2.68	1394.00	0.00
6	0.486219	1.0000e-01	0.0000	0.00000	0.00	8.76e-03	3.38	876.00	0.00
7	0.766309	1.0000e-01	0.0000	0.00000	0.00	5.90e-03	4.12	590.00	0.00
8	1.207749	1.0000e-01	0.0000	0.00000	0.00	3.86e-03	5.09	386.00	0.00
9	1.903483	1.0000e-01	0.0000	0.00000	0.00	2.90e-03	5.87	290.00	0.00
10	3.000000	1.0000e-01	0.0000	0.00000	0.00	2.07e-03	6.95	207.00	0.00
-----------------------------------------------------------------------------------
