True coincidence factor calculation results.

Decay branch(es):
 Co-290   B-  Co-290 (0 fs) - 100%

Date: 19/03/2021
Time: 19:28:48

Calculation settings:
cp.xrays = false
cp.annihilation = false
cp.angular = false
cp.angle_optimize = true
cp.calc_full_eff = false
cp.calc_spectrum = false
cp.calc_coincidence = false
cp.CP_CalcScat = false
cp.calc_effc = false
cp.calc_electron = false

DetectorType = COAXIAL
DC_CrystalDiameter = 5.51 cm
DC_CrystalHeight = 3.3 cm
DC_CrystalHoleDiameter = 1.02 cm
DC_CrystalHoleHeight = 1.99 cm
DC_CrystalFrontDeadLayer = 0.1 cm
DC_CrystalSideDeadLayer = 0.07 cm
DC_CrystalBackDeadLayer = 0.07 cm
DC_CrystalHoleBottomDeadLayer = 0.0003 cm
DC_CrystalHoleSideDeadLayer = 0.0003 cm
DC_CrystalSideCladdingThickness = 0.08 cm
DC_CapToCrystalDistance = 0.3 cm
DC_DetectorCapDiameter = 7 cm
DC_DetectorCapFrontThickness = 0.103 cm
DC_DetectorCapSideThickness = 0.1 cm
DC_DetectorCapBackThickness = 0.1 cm
DC_DetectorMountingThickness = 3 cm
DC_CrystalCurvatureRadius = 0 cm

SourceType = POINT
pdistance = 1 cm
prho = 0 cm

DC_nCrystalElements = 1
DC_ZCrystal[0] = 32
DC_FractionTypeCrystal = MASS
DC_FractionsCrystal[0] = 1
DC_RoCrystal = 5.323
DC_nCrystalSideCladdingElements = 1
DC_ZCrystalSideCladding[0] = 13
DC_FractionTypeCrystalSideCladding = MASS
DC_FractionsCrystalSideCladding[0] = 1
DC_RoCrystalSideCladding = 2.7
DC_nCrystalMountingElements = 1
DC_ZCrystalMounting[0] = 13
DC_FractionTypeCrystalMounting = MASS
DC_FractionsCrystalMounting[0] = 1
DC_RoCrystalMounting = 2.7
DC_nDetectorCapElements = 1
DC_ZDetectorCap[0] = 13
DC_FractionTypeDetectorCap = MASS
DC_FractionsDetectorCap[0] = 1
DC_RoDetectorCap = 2.7
DC_nVacuum = 1
DC_ZVacuum[0] = 13
DC_FractionTypeVacuum = MASS
DC_FractionsVacuum[0] = 1
DC_RoVacuum = 1e-10



Number of simulated decays: 1000000

Results:
-----------------------------------------------------------------------------------
##	E, MeV	I	dI(%)	CF	dCF(%)	Eff	dEff(%)	Areas	AreasCoi
-----------------------------------------------------------------------------------
1	0.050000	1.0000e-01	0.0000	0.00000	0.00	2.34e-02	1.25	6439.00	0.00
2	0.078803	1.0000e-01	0.0000	0.00000	0.00	1.15e-01	0.56	31629.00	0.00
3	0.124198	1.0000e-01	0.0000	0.00000	0.00	1.52e-01	0.49	42043.00	0.00
4	0.195743	1.0000e-01	0.0000	0.00000	0.00	1.19e-01	0.55	32692.00	0.00
5	0.308503	1.0000e-01	0.0000	0.00000	0.00	7.11e-02	0.71	19597.00	0.00
6	0.486219	1.0000e-01	0.0000	0.00000	0.00	4.29e-02	0.92	11831.00	0.00
7	0.766309	1.0000e-01	0.0000	0.00000	0.00	2.67e-02	1.17	7367.00	0.00
8	1.207749	1.0000e-01	0.0000	0.00000	0.00	1.77e-02	1.43	4877.00	0.00
9	1.903483	1.0000e-01	0.0000	0.00000	0.00	1.18e-02	1.75	3254.00	0.00
10	3.000000	1.0000e-01	0.0000	0.00000	0.00	8.03e-03	2.13	2213.00	0.00
-----------------------------------------------------------------------------------
