True coincidence factor calculation results.

Decay branch(es):
 Co-290   B-  Co-290 (0 fs) - 100%

Date: 19/03/2021
Time: 19:30:30

Calculation settings:
cp.xrays = false
cp.annihilation = false
cp.angular = false
cp.angle_optimize = false
cp.calc_full_eff = false
cp.calc_spectrum = false
cp.calc_coincidence = false
cp.CP_CalcScat = false
cp.calc_effc = false
cp.calc_electron = false

DetectorType = SCINTILLATOR
DS_CrystalDiameter = 4 cm
DS_CrystalHeight = 4 cm
DS_CrystalFrontReflectorThickness = 0.1 cm
DS_CrystalSideReflectorThickness = 0.1 cm
DS_CrystalFrontCladdingThickness = 0.1 cm
DS_CrystalSideCladdingThickness = 0.1 cm
DS_DetectorFrontPackagingThickness = 0.2 cm
DS_DetectorSidePackagingThickness = 0.5 cm
DS_DetectorFrontCapThickness = 0.1 cm
DS_DetectorSideCapThickness = 0.1 cm
DS_DetectorMountingThickness = 3 cm

SourceType = CYLINDER
SC_BeakerToDetectorFrontDistance = 0 cm
SC_BeakerDiameter = 8.8 cm
SC_BeakerHeight = 1.5 cm
SC_BeakerSideWallThickness = 0.1 cm
SC_BeakerEndWallThickness = 0.1 cm
SC_SourceHeight = 1.3 cm

DS_nCrystalElements = 2
DS_ZCrystal[0] = 11
DS_ZCrystal[1] = 53
DS_FractionTypeCrystal = MASS
DS_FractionsCrystal[0] = 0.153373
DS_FractionsCrystal[1] = 0.846627
DS_RoCrystal = 3.667
DS_nCrystalCladdingElements = 1
DS_ZCrystalCladding[0] = 13
DS_FractionTypeCrystalCladding = MASS
DS_FractionsCrystalCladding[0] = 1
DS_RoCrystalCladding = 2.7
DS_nCrystalReflectorElements = 2
DS_ZCrystalReflector[0] = 8
DS_ZCrystalReflector[1] = 12
DS_FractionTypeReflector = MASS
DS_FractionsCrystalReflector[0] = 0.396964
DS_FractionsCrystalReflector[1] = 0.603036
DS_RoCrystalReflector = 3.58
DS_nDetectorCapElements = 2
DS_ZDetectorCap[0] = 1
DS_ZDetectorCap[1] = 6
DS_FractionTypeDetectorCap = MASS
DS_FractionsDetectorCap[0] = 0.078
DS_FractionsDetectorCap[1] = 0.922
DS_RoDetectorCap = 0.04
DS_nDetectorPackagingElements = 1
DS_ZDetectorPackaging[0] = 13
DS_FractionTypeDetectorPackaging = MASS
DS_FractionsDetectorPackaging[0] = 1
DS_RoDetectorPackaging = 2.7

SC_nWallElements = 3
SC_ZWall[0] = 1
SC_ZWall[1] = 6
SC_ZWall[2] = 8
SC_FractionTypeWall = MASS
SC_FractionsWall[0] = 0.04196
SC_FractionsWall[1] = 0.625016
SC_FractionsWall[2] = 0.333024
SC_RoWall = 1.38
SC_nSourceElements = 2
SC_ZSource[0] = 1
SC_ZSource[1] = 8
SC_FractionTypeSource = MASS
SC_FractionsSource[0] = 0.111899
SC_FractionsSource[1] = 0.888101
SC_RoSource = 1
SC_nEmptySpaceElements = 3
SC_ZEmptySpace[0] = 7
SC_ZEmptySpace[1] = 8
SC_ZEmptySpace[2] = 18
SC_FractionTypeEmptySpace = MASS
SC_FractionsEmptySpace[0] = 0.755
SC_FractionsEmptySpace[1] = 0.2315
SC_FractionsEmptySpace[2] = 0.0129
SC_RoEmptySpace = 0.001


Number of simulated decays: 1000000

Results:
-----------------------------------------------------------------------------------
##	E, MeV	I	dI(%)	CF	dCF(%)	Eff	dEff(%)	Areas	AreasCoi
-----------------------------------------------------------------------------------
1	0.050000	1.0000e-01	0.0000	0.00000	0.00	3.85e-02	1.61	3851.00	0.00
2	0.078803	1.0000e-01	0.0000	0.00000	0.00	5.21e-02	1.38	5214.00	0.00
3	0.124198	1.0000e-01	0.0000	0.00000	0.00	5.69e-02	1.33	5692.00	0.00
4	0.195743	1.0000e-01	0.0000	0.00000	0.00	5.23e-02	1.38	5233.00	0.00
5	0.308503	1.0000e-01	0.0000	0.00000	0.00	3.63e-02	1.66	3633.00	0.00
6	0.486219	1.0000e-01	0.0000	0.00000	0.00	2.16e-02	2.15	2162.00	0.00
7	0.766309	1.0000e-01	0.0000	0.00000	0.00	1.22e-02	2.87	1218.00	0.00
8	1.207749	1.0000e-01	0.0000	0.00000	0.00	7.64e-03	3.62	764.00	0.00
9	1.903483	1.0000e-01	0.0000	0.00000	0.00	5.17e-03	4.40	517.00	0.00
10	3.000000	1.0000e-01	0.0000	0.00000	0.00	3.35e-03	5.46	335.00	0.00
-----------------------------------------------------------------------------------
