True coincidence factor calculation results.

Decay branch(es):
 Co-60   B-  Ni-60 (5.27113 y) - 100%

Date: 22/03/2021
Time: 19:18:04

Calculation settings:
cp.xrays = true
cp.annihilation = true
cp.angular = true
cp.angle_optimize = false
cp.calc_full_eff = false
cp.calc_spectrum = true
cp.calc_coincidence = true
cp.CP_CalcScat = true
cp.calc_effc = false
cp.calc_electron = false

DetectorType = SCINTILLATOR
DS_CrystalDiameter = 4 cm
DS_CrystalHeight = 4 cm
DS_CrystalFrontReflectorThickness = 0.1 cm
DS_CrystalSideReflectorThickness = 0.1 cm
DS_CrystalFrontCladdingThickness = 0.1 cm
DS_CrystalSideCladdingThickness = 0.1 cm
DS_DetectorFrontPackagingThickness = 0.2 cm
DS_DetectorSidePackagingThickness = 0.5 cm
DS_DetectorFrontCapThickness = 0.1 cm
DS_DetectorSideCapThickness = 0.1 cm
DS_DetectorMountingThickness = 3 cm

SourceType = POINT
pdistance = 1 cm
prho = 0 cm

DS_nCrystalElements = 2
DS_ZCrystal[0] = 11
DS_ZCrystal[1] = 53
DS_FractionTypeCrystal = MASS
DS_FractionsCrystal[0] = 0.153373
DS_FractionsCrystal[1] = 0.846627
DS_RoCrystal = 3.667
DS_nCrystalCladdingElements = 1
DS_ZCrystalCladding[0] = 13
DS_FractionTypeCrystalCladding = MASS
DS_FractionsCrystalCladding[0] = 1
DS_RoCrystalCladding = 2.7
DS_nCrystalReflectorElements = 2
DS_ZCrystalReflector[0] = 8
DS_ZCrystalReflector[1] = 12
DS_FractionTypeReflector = MASS
DS_FractionsCrystalReflector[0] = 0.396964
DS_FractionsCrystalReflector[1] = 0.603036
DS_RoCrystalReflector = 3.58
DS_nDetectorCapElements = 2
DS_ZDetectorCap[0] = 1
DS_ZDetectorCap[1] = 6
DS_FractionTypeDetectorCap = MASS
DS_FractionsDetectorCap[0] = 0.078
DS_FractionsDetectorCap[1] = 0.922
DS_RoDetectorCap = 0.04
DS_nDetectorPackagingElements = 1
DS_ZDetectorPackaging[0] = 13
DS_FractionTypeDetectorPackaging = MASS
DS_FractionsDetectorPackaging[0] = 1
DS_RoDetectorPackaging = 2.7



Number of simulated decays: 1000000

Results:
-----------------------------------------------------------------------------------
##	E, MeV	I	dI(%)	CF	dCF(%)	Eff	dEff(%)	Areas	AreasCoi
-----------------------------------------------------------------------------------
1	0.007325	5.4618e-11	3.0000	0.00000	0.00	0.00e+00	0.00	0.00	0.00
2	0.007461	3.3509e-05	3.0000	0.00000	0.00	0.00e+00	0.00	0.00	0.00
3	0.007478	6.5699e-05	3.0000	0.00000	0.00	0.00e+00	0.00	0.00	0.00
4	0.008265	1.1926e-05	2.2292	0.00000	0.00	0.00e+00	0.00	0.00	0.00
5	0.008329	7.2296e-09	3.0000	0.00000	0.00	0.00e+00	0.00	0.00	0.00
6	0.347140	7.5000e-05	5.3333	1.25000	67.08	6.67e-02	44.72	5.00	4.00
7	0.826100	7.6000e-05	10.5263	1.00000	141.42	1.32e-02	100.00	1.00	1.00
8	1.173228	9.9850e-01	0.0300	1.07186	1.24	1.36e-02	0.86	13552.00	12643.50
9	1.332492	9.9983e-01	0.0006	1.03971	1.32	1.16e-02	0.93	11624.00	11180.00
10	2.158570	1.2000e-05	16.6667	0.00000	0.00	0.00e+00	0.00	0.00	0.00
11	2.505692	2.0000e-08	20.0000	0.00000	0.00	0.00e+00	0.00	0.00	168.00
-----------------------------------------------------------------------------------
