True coincidence factor calculation results.

Decay branch(es):
 Eu-152   EC  Sm-152 (13.5077 y) - 72.08%
Eu-152   B-  Gd-152 (13.5077 y) - 27.92%

Date: 22/03/2021
Time: 19:19:42

Calculation settings:
cp.xrays = true
cp.annihilation = true
cp.angular = true
cp.angle_optimize = false
cp.calc_full_eff = false
cp.calc_spectrum = true
cp.calc_coincidence = true
cp.CP_CalcScat = true
cp.calc_effc = false
cp.calc_electron = false

DetectorType = SCINTILLATOR
DS_CrystalDiameter = 4 cm
DS_CrystalHeight = 4 cm
DS_CrystalFrontReflectorThickness = 0.1 cm
DS_CrystalSideReflectorThickness = 0.1 cm
DS_CrystalFrontCladdingThickness = 0.1 cm
DS_CrystalSideCladdingThickness = 0.1 cm
DS_DetectorFrontPackagingThickness = 0.2 cm
DS_DetectorSidePackagingThickness = 0.5 cm
DS_DetectorFrontCapThickness = 0.1 cm
DS_DetectorSideCapThickness = 0.1 cm
DS_DetectorMountingThickness = 3 cm

SourceType = POINT
pdistance = 1 cm
prho = 0 cm

DS_nCrystalElements = 2
DS_ZCrystal[0] = 11
DS_ZCrystal[1] = 53
DS_FractionTypeCrystal = MASS
DS_FractionsCrystal[0] = 0.153373
DS_FractionsCrystal[1] = 0.846627
DS_RoCrystal = 3.667
DS_nCrystalCladdingElements = 1
DS_ZCrystalCladding[0] = 13
DS_FractionTypeCrystalCladding = MASS
DS_FractionsCrystalCladding[0] = 1
DS_RoCrystalCladding = 2.7
DS_nCrystalReflectorElements = 2
DS_ZCrystalReflector[0] = 8
DS_ZCrystalReflector[1] = 12
DS_FractionTypeReflector = MASS
DS_FractionsCrystalReflector[0] = 0.396964
DS_FractionsCrystalReflector[1] = 0.603036
DS_RoCrystalReflector = 3.58
DS_nDetectorCapElements = 2
DS_ZDetectorCap[0] = 1
DS_ZDetectorCap[1] = 6
DS_FractionTypeDetectorCap = MASS
DS_FractionsDetectorCap[0] = 0.078
DS_FractionsDetectorCap[1] = 0.922
DS_RoDetectorCap = 0.04
DS_nDetectorPackagingElements = 1
DS_ZDetectorPackaging[0] = 13
DS_FractionTypeDetectorPackaging = MASS
DS_FractionsDetectorPackaging[0] = 1
DS_RoDetectorPackaging = 2.7



Number of simulated decays: 1000000

Results:
-----------------------------------------------------------------------------------
##	E, MeV	I	dI(%)	CF	dCF(%)	Eff	dEff(%)	Areas	AreasCoi
-----------------------------------------------------------------------------------
1	0.039097	5.4242e-05	3.0000	0.00000	0.00	0.00e+00	0.00	0.00	4.50
2	0.039522	2.1375e-01	3.0000	1.20854	1.08	8.93e-02	0.72	19092.50	15798.00
3	0.040118	3.8733e-01	3.0000	1.21345	0.79	9.11e-02	0.53	35283.50	29077.00
4	0.041864	7.5722e-07	3.0000	0.00000	0.00	0.00e+00	0.00	0.00	0.00
5	0.042309	2.4718e-03	3.0000	1.10706	9.35	9.83e-02	6.45	243.00	219.50
6	0.042996	4.4548e-03	3.0000	1.06428	6.94	9.66e-02	4.84	430.50	404.50
7	0.045294	3.7849e-02	3.0000	1.21308	2.35	1.06e-01	1.58	4016.50	3311.00
8	0.045414	7.3287e-02	3.0000	1.20380	1.70	1.04e-01	1.14	7637.50	6344.50
9	0.045741	1.0848e-03	3.0000	1.21327	13.18	1.18e-01	8.84	128.00	105.50
10	0.046578	2.4188e-02	3.0000	1.24053	2.91	1.10e-01	1.94	2653.50	2139.00
11	0.046705	9.1609e-03	3.0000	1.22982	4.73	1.09e-01	3.17	998.00	811.50
12	0.048551	4.4179e-04	3.0000	0.98148	19.47	1.20e-01	13.93	53.00	54.00
13	0.048695	8.5499e-04	3.0000	1.30380	15.00	1.20e-01	9.92	103.00	79.00
14	0.049038	1.3466e-05	3.0000	1.00000	141.42	7.43e-02	100.00	1.00	1.00
15	0.049959	2.8592e-04	3.0000	1.43548	23.48	1.56e-01	15.12	44.50	31.00
16	0.050099	1.1068e-04	3.0000	1.42857	49.28	9.04e-02	31.62	10.00	7.00
17	0.118970	5.3181e-06	20.0036	1.00000	173.21	1.88e-01	158.11	1.00	0.00
18	0.121782	2.8531e-01	0.5320	1.20952	0.73	1.44e-01	0.49	40992.00	33891.00
19	0.125680	5.1319e-05	3.6467	0.00000	0.00	3.90e-02	70.71	2.00	0.00
20	0.137560	7.4453e-06	17.8612	0.00000	0.00	6.72e-02	223.61	0.50	0.00
21	0.148000	2.0475e-04	5.2086	1.57576	31.91	1.27e-01	19.61	26.00	16.50
22	0.150130	9.0407e-06	8.8317	0.00000	0.00	5.53e-02	223.61	0.50	0.00
23	0.172100	4.2546e-06	50.0000	0.00000	0.00	0.00e+00	0.00	0.00	0.00
24	0.174800	1.3827e-05	13.4615	0.00000	0.00	1.45e-01	70.71	2.00	0.00
25	0.192600	6.8073e-05	3.1250	0.57143	69.76	5.88e-02	58.63	4.00	7.00
26	0.195220	2.0475e-05	9.0909	0.12500	335.41	2.44e-02	331.66	0.50	4.00
27	0.207030	1.1434e-05	20.9337	0.00000	0.00	0.00e+00	0.00	0.00	2.00
28	0.207640	7.3389e-05	3.6430	1.61538	52.31	1.43e-01	31.94	10.50	6.50
29	0.209300	1.7018e-06	6.2500	0.00000	0.00	0.00e+00	0.00	0.00	0.00
30	0.209410	1.1966e-05	33.3333	1.33333	76.38	3.34e-01	50.00	4.00	3.00
31	0.209970	4.3076e-05	16.0539	0.66667	64.55	9.29e-02	50.00	4.00	6.00
32	0.210950	3.8024e-05	4.2129	4.00000	111.80	1.05e-01	50.00	4.00	1.00
33	0.212430	2.0740e-04	2.5920	1.43750	32.55	1.11e-01	20.85	23.00	16.00
34	0.237100	6.3285e-05	2.9656	2.12500	61.48	1.34e-01	35.78	8.50	4.00
35	0.239330	5.3181e-05	0.3795	1.50000	64.55	1.13e-01	40.82	6.00	4.00
36	0.241000	3.7226e-06	0.3795	0.00000	0.00	0.00e+00	0.00	0.00	0.00
37	0.244697	7.5490e-02	0.5178	1.34392	1.84	9.20e-02	1.20	6942.00	5165.50
38	0.251633	6.7008e-04	2.8036	1.66667	17.71	1.27e-01	10.85	85.00	51.00
39	0.269840	7.8441e-05	6.4518	0.80000	67.08	5.10e-02	50.00	4.00	5.00
40	0.271080	7.1530e-04	2.6022	1.37500	18.97	9.23e-02	12.31	66.00	48.00
41	0.272410	6.3817e-06	25.0029	0.00000	0.00	0.00e+00	0.00	0.00	0.00
42	0.275420	3.4567e-04	2.3387	1.17391	28.38	7.81e-02	19.25	27.00	23.00
43	0.285980	9.8384e-05	16.2207	4.00000	111.80	4.07e-02	50.00	4.00	1.00
44	0.286500	1.3827e-05	21.1573	1.00000	100.00	1.45e-01	70.71	2.00	2.00
45	0.287100	8.1103e-06	8.5246	0.00000	0.00	0.00e+00	0.00	0.00	1.00
46	0.295939	4.4034e-03	0.9821	1.45022	8.55	7.61e-02	5.46	335.00	231.00
47	0.315100	3.9887e-04	2.6667	1.50000	25.75	9.78e-02	16.01	39.00	26.00
48	0.316130	1.0051e-04	5.0408	0.50000	69.99	3.48e-02	58.90	3.50	7.00
49	0.320100	2.0475e-05	5.2086	1.00000	141.42	4.88e-02	100.00	1.00	1.00
50	0.324830	6.8073e-04	2.7344	1.11765	19.27	8.37e-02	13.25	57.00	51.00
51	0.324914	4.9725e-05	4.8128	0.61538	64.93	8.04e-02	50.00	4.00	6.50
52	0.328764	3.4568e-05	6.1538	2.00000	244.95	2.89e-02	100.00	1.00	0.50
53	0.329410	1.2125e-03	2.0098	1.21818	18.20	5.53e-02	12.22	67.00	55.00
54	0.330580	9.3066e-05	11.4349	0.59091	52.43	6.98e-02	41.42	6.50	11.00
55	0.340460	2.6590e-04	3.0239	1.78947	41.52	6.39e-02	24.25	17.00	9.50
56	0.344278	2.6591e-01	0.6000	1.05353	1.12	6.17e-02	0.78	16413.00	15579.00
57	0.345540	9.8118e-05	4.8928	1.08333	58.16	6.62e-02	41.42	6.50	6.00
58	0.348752	1.7018e-05	9.3827	1.00000	141.42	5.88e-02	100.00	1.00	1.00
59	0.351660	1.0636e-04	7.5000	1.40000	58.55	6.58e-02	37.80	7.00	5.00
60	0.354160	9.5728e-06	11.1111	0.00000	0.00	0.00e+00	0.00	0.00	0.00
61	0.357260	6.0892e-05	6.9972	1.20000	60.55	9.85e-02	40.82	6.00	5.00
62	0.358480	1.6486e-05	8.0734	8.00000	229.13	2.43e-01	50.00	4.00	0.50
63	0.367789	8.5942e-03	0.4641	1.18814	6.89	5.36e-02	4.66	461.00	388.00
64	0.378150	2.3665e-06	23.5986	0.00000	0.00	0.00e+00	0.00	0.00	1.00
65	0.385610	5.5574e-05	4.3229	0.44444	87.14	3.60e-02	70.71	2.00	4.50
66	0.387900	2.9250e-05	9.0909	0.50000	70.71	1.03e-01	57.74	3.00	6.00
67	0.391190	1.4093e-05	3.0426	0.00000	0.00	0.00e+00	0.00	0.00	2.00
68	0.397750	3.7226e-06	15.7189	0.00000	0.00	0.00e+00	0.00	0.00	2.00
69	0.401290	6.3817e-06	6.6775	0.00000	0.00	0.00e+00	0.00	0.00	0.00
70	0.411116	2.2371e-02	0.3090	1.19895	4.39	5.09e-02	2.96	1139.00	950.00
71	0.416020	1.0875e-03	1.7531	1.41304	19.27	5.98e-02	12.40	65.00	46.00
72	0.423450	2.9781e-05	7.1529	0.00000	0.00	1.68e-02	223.61	0.50	0.00
73	0.440860	6.2489e-05	6.8085	1.00000	81.65	4.80e-02	57.74	3.00	3.00
74	0.443961	2.8266e-02	0.4729	1.36868	4.36	4.41e-02	2.83	1245.50	910.00
75	0.444010	2.9781e-03	3.5915	1.57534	14.96	3.86e-02	9.33	115.00	73.00
76	0.464280	4.5204e-06	41.1782	0.00000	0.00	0.00e+00	0.00	0.00	0.00
77	0.476420	1.7018e-05	18.7538	0.00000	0.00	1.18e-01	70.71	2.00	0.00
78	0.482330	2.4729e-04	3.2481	1.81818	55.37	4.04e-02	31.62	10.00	5.50
79	0.482400	2.3400e-05	4.5455	0.33333	115.47	4.27e-02	100.00	1.00	3.00
80	0.488679	4.1428e-03	0.7457	1.25352	11.25	4.30e-02	7.50	178.00	142.00
81	0.493540	3.0313e-04	4.4024	1.25000	42.99	4.12e-02	29.12	12.50	10.00
82	0.493780	9.7589e-05	4.3597	0.87500	77.26	3.59e-02	58.90	3.50	4.00
83	0.496400	5.8766e-05	4.0724	1.25000	67.08	8.51e-02	44.72	5.00	4.00
84	0.496560	5.8499e-05	36.3656	1.00000	100.00	3.42e-02	70.71	2.00	2.00
85	0.503467	1.5237e-03	1.2216	0.97196	19.54	3.41e-02	13.87	52.00	53.50
86	0.511000	5.1198e-04	3.0000	1.00000	36.51	2.93e-02	25.82	15.00	15.00
87	0.514780	4.2544e-06	18.7538	0.00000	0.00	0.00e+00	0.00	0.00	0.00
88	0.520240	5.3448e-04	2.9851	1.38462	36.40	3.37e-02	23.57	18.00	13.00
89	0.523130	1.5289e-04	4.1911	0.62500	57.01	3.27e-02	44.72	5.00	8.00
90	0.526880	1.1966e-04	6.6667	3.00000	115.47	2.51e-02	57.74	3.00	1.00
91	0.527100	1.8613e-06	0.3795	0.00000	0.00	0.00e+00	0.00	0.00	1.00
92	0.534250	4.0950e-04	2.5974	0.55556	39.44	2.44e-02	31.62	10.00	18.00
93	0.535440	1.7284e-05	7.7017	2.00000	141.42	5.79e-02	100.00	1.00	0.00
94	0.538290	4.3342e-05	6.7591	0.25000	111.80	2.31e-02	100.00	1.00	4.00
95	0.556480	1.7709e-04	3.4742	0.83333	92.38	1.41e-02	72.11	2.50	3.00
96	0.557800	2.9250e-05	11.8182	1.00000	141.42	3.42e-02	100.00	1.00	1.00
97	0.561260	1.4093e-05	16.9854	4.00000	234.52	1.42e-01	70.71	2.00	0.50
98	0.562980	2.0209e-04	9.2183	2.00000	70.71	2.97e-02	40.82	6.00	3.00
99	0.563100	3.0048e-06	7.0796	0.00000	0.00	0.00e+00	0.00	0.00	0.50
100	0.563986	4.9352e-03	0.9419	1.29310	11.07	3.80e-02	7.32	187.50	145.00
101	0.566438	1.3109e-03	2.4635	0.47761	21.49	2.44e-02	17.68	32.00	67.00
102	0.571830	4.4406e-05	3.6128	0.00000	0.00	0.00e+00	0.00	0.00	0.00
103	0.586265	4.5471e-03	0.7602	1.15126	12.53	3.01e-02	8.54	137.00	119.00
104	0.588600	2.3931e-05	44.4461	0.00000	0.00	4.18e-02	100.00	1.00	0.00
105	0.589830	1.3029e-05	6.1342	0.00000	0.00	0.00e+00	0.00	0.00	0.00
106	0.608060	2.6590e-06	30.0024	0.00000	0.00	0.00e+00	0.00	0.00	0.00
107	0.609230	1.2232e-05	13.0490	0.00000	0.00	0.00e+00	0.00	0.00	0.00
108	0.616050	9.1737e-05	5.8095	1.20000	60.55	6.54e-02	40.82	6.00	5.00
109	0.644390	6.5944e-05	7.2680	3.00000	115.47	4.55e-02	57.74	3.00	1.00
110	0.656489	1.4412e-03	1.5240	1.84211	28.50	2.43e-02	16.90	35.00	19.00
111	0.664770	9.9182e-05	5.1080	0.00000	0.00	0.00e+00	0.00	0.00	1.00
112	0.671155	2.4463e-04	17.3954	0.75000	76.38	1.23e-02	57.74	3.00	4.00
113	0.674640	1.6911e-03	1.9246	2.00000	23.57	3.19e-02	13.61	54.00	27.00
114	0.675000	2.1273e-04	3.7500	1.75000	62.68	3.29e-02	37.80	7.00	4.00
115	0.678623	4.7252e-03	0.6753	1.32184	14.21	2.43e-02	9.33	115.00	87.00
116	0.683250	4.7331e-05	5.6308	2.00000	122.47	4.23e-02	70.71	2.00	1.00
117	0.686600	2.0262e-04	3.3027	1.25000	47.43	4.94e-02	31.62	10.00	8.00
118	0.688670	8.5647e-03	0.7014	1.24576	10.10	2.57e-02	6.75	220.50	177.00
119	0.703010	3.8557e-05	7.5862	2.00000	122.47	5.19e-02	70.71	2.00	1.00
120	0.703550	2.6591e-05	10.0000	0.00000	0.00	0.00e+00	0.00	0.00	1.00
121	0.707160	1.4226e-05	3.9435	0.00000	0.00	0.00e+00	0.00	0.00	1.00
122	0.712830	9.5462e-04	2.5070	0.66667	26.35	2.51e-02	20.41	24.00	36.00
123	0.719346	2.4995e-03	3.2140	1.35000	20.86	2.16e-02	13.61	54.00	40.00
124	0.719360	9.4927e-04	3.3827	1.21951	30.09	2.63e-02	20.00	25.00	20.50
125	0.728040	1.1115e-04	3.3707	0.09524	74.00	1.80e-02	70.71	2.00	21.00
126	0.734140	9.0407e-06	14.7108	0.00000	0.00	0.00e+00	0.00	0.00	7.00
127	0.735430	4.4140e-05	4.2339	1.00000	100.00	4.53e-02	70.71	2.00	2.00
128	0.756160	4.4406e-05	9.5884	0.01527	100.77	2.25e-02	100.00	1.00	65.50
129	0.764880	1.8933e-03	2.2472	1.25806	24.06	2.06e-02	16.01	39.00	31.00
130	0.766380	6.9135e-06	11.5447	0.00000	0.00	0.00e+00	0.00	0.00	0.00
131	0.768960	8.1898e-04	5.2086	0.83333	42.82	1.22e-02	31.62	10.00	12.00
132	0.778904	1.2929e-01	0.4525	1.14065	2.77	2.17e-02	1.89	2802.00	2456.50
133	0.794780	2.6325e-04	6.0606	2.66667	67.70	3.04e-02	35.36	8.00	3.00
134	0.802000	4.1215e-06	11.6191	0.00000	0.00	0.00e+00	0.00	0.00	1.00
135	0.805710	1.5183e-04	3.8715	0.00000	0.00	0.00e+00	0.00	0.00	1.00
136	0.810451	3.1722e-03	0.9201	0.78481	16.97	1.95e-02	12.70	62.00	79.00
137	0.813210	4.3076e-05	9.8838	0.00000	0.00	2.32e-02	100.00	1.00	0.00
138	0.839360	1.7709e-04	2.8780	0.66667	91.29	1.13e-02	70.71	2.00	3.00
139	0.841574	1.6752e-03	1.7868	0.80000	25.35	1.67e-02	18.90	28.00	35.00
140	0.850100	7.7114e-06	10.3448	0.00000	0.00	0.00e+00	0.00	0.00	3.50
141	0.855210	1.9677e-05	6.7674	1.00000	141.42	5.08e-02	100.00	1.00	1.00
142	0.867380	4.2279e-02	0.6815	1.50495	5.74	1.80e-02	3.63	760.00	505.00
143	0.901190	8.5355e-04	2.8293	0.92308	40.03	1.41e-02	28.87	12.00	13.00
144	0.906060	9.1737e-05	4.3644	0.21739	49.34	5.45e-02	44.72	5.00	23.00
145	0.919337	4.1853e-03	1.0851	1.52273	19.40	1.60e-02	12.22	67.00	44.00
146	0.919740	6.4880e-05	5.7502	0.00000	0.00	1.54e-02	100.00	1.00	0.00
147	0.926310	2.7228e-03	1.2318	1.51515	22.43	1.84e-02	14.14	50.00	33.00
148	0.930590	7.2859e-04	2.5547	0.64286	30.21	2.47e-02	23.57	18.00	28.00
149	0.937050	2.6591e-05	30.0000	0.00000	0.00	3.76e-02	100.00	1.00	0.00
150	0.947150	1.0902e-05	17.0774	0.00000	0.00	0.00e+00	0.00	0.00	2.00
151	0.958630	1.9677e-04	5.4187	0.25000	111.80	5.08e-03	100.00	1.00	4.00
152	0.961080	7.9771e-05	26.6694	0.00000	0.00	1.25e-02	100.00	1.00	0.00
153	0.963367	1.4040e-03	4.3726	0.90000	26.53	1.92e-02	19.25	27.00	30.00
154	0.964057	1.4510e-01	0.4481	1.21186	3.02	1.68e-02	2.03	2431.00	2006.00
155	0.968650	7.9239e-05	2.7113	1.00000	141.42	1.26e-02	100.00	1.00	1.00
156	0.970220	1.1966e-05	26.6667	0.00000	0.00	0.00e+00	0.00	0.00	0.00
157	0.974090	1.3561e-04	5.8824	1.00000	100.00	1.47e-02	70.71	2.00	2.00
158	0.990180	3.1377e-04	4.2373	1.00000	63.25	1.59e-02	44.72	5.00	5.00
159	1.005270	6.5944e-03	1.6569	1.23457	14.95	1.52e-02	10.00	100.00	81.00
160	1.050100	7.1794e-06	40.7425	0.00000	0.00	0.00e+00	0.00	0.00	2.00
161	1.084380	1.0636e-04	7.5096	2.00000	122.47	1.88e-02	70.71	2.00	1.00
162	1.085837	1.0115e-01	0.4617	1.12779	3.99	1.37e-02	2.68	1390.00	1232.50
163	1.089737	1.7337e-02	0.4601	1.17150	9.92	1.28e-02	6.71	222.00	189.50
164	1.109180	1.8853e-03	3.3850	1.10714	26.07	1.64e-02	17.96	31.00	28.00
165	1.112076	1.3667e-01	0.5867	1.24118	3.45	1.39e-02	2.29	1899.00	1530.00
166	1.170970	3.7226e-04	4.3025	0.54545	50.75	1.61e-02	40.82	6.00	11.00
167	1.206090	1.3030e-04	10.2041	2.00000	122.47	1.53e-02	70.71	2.00	1.00
168	1.212948	1.4146e-02	0.5476	1.76106	11.78	1.41e-02	7.09	199.00	113.00
169	1.246340	9.3066e-06	14.2908	0.00000	0.00	0.00e+00	0.00	0.00	0.00
170	1.249940	1.8693e-03	1.3353	1.25000	27.39	1.60e-02	18.26	30.00	24.00
171	1.261350	3.3505e-04	3.9683	1.00000	70.71	1.19e-02	50.00	4.00	4.00
172	1.292780	1.0051e-03	2.6726	0.52381	37.22	1.09e-02	30.15	11.00	21.00
173	1.299142	1.6327e-02	0.4886	1.00541	10.38	1.14e-02	7.33	186.00	185.00
174	1.314600	1.9146e-05	27.7778	0.00000	0.00	0.00e+00	0.00	0.00	1.00
175	1.315580	3.6429e-05	4.3960	0.00000	0.00	0.00e+00	0.00	0.00	0.00
176	1.318380	1.5689e-05	8.4746	0.00000	0.00	0.00e+00	0.00	0.00	1.00
177	1.348100	1.7284e-04	4.6154	2.33333	69.01	4.05e-02	37.80	7.00	3.00
178	1.363780	2.5846e-04	2.2950	0.33333	81.65	7.74e-03	70.71	2.00	6.00
179	1.390500	4.2544e-05	3.7692	0.33333	115.47	2.35e-02	100.00	1.00	3.00
180	1.408013	2.0868e-01	0.4141	1.23676	3.15	1.08e-02	2.11	2254.00	1822.50
181	1.455100	2.4995e-05	19.1527	0.00000	0.00	0.00e+00	0.00	0.00	11.00
182	1.457643	4.9697e-03	0.8397	1.88406	22.37	1.31e-02	12.40	65.00	34.50
183	1.491400	5.8499e-06	45.4561	0.00000	0.00	0.00e+00	0.00	0.00	0.00
184	1.528100	2.7946e-03	1.2032	1.07692	27.24	1.00e-02	18.90	28.00	26.00
185	1.605620	7.8709e-05	4.7297	1.00000	141.42	1.27e-02	100.00	1.00	1.00
186	1.608360	5.3978e-05	3.9591	0.00000	0.00	1.85e-02	100.00	1.00	0.00
187	1.635380	1.6220e-06	26.2323	0.00000	0.00	0.00e+00	0.00	0.00	0.00
188	1.647440	7.2592e-05	4.7770	0.00000	0.00	0.00e+00	0.00	0.00	1.00
189	1.769090	9.3066e-05	2.3170	0.00000	0.00	0.00e+00	0.00	0.00	1.00
-----------------------------------------------------------------------------------
