True coincidence factor calculation results.

Decay branch(es):
 Eu-152   EC  Sm-152 (13.5077 y) - 72.08%
Eu-152   B-  Gd-152 (13.5077 y) - 27.92%

Date: 24/03/2021
Time: 07:19:48

Calculation settings:
cp.xrays = true
cp.annihilation = true
cp.angular = true
cp.angle_optimize = false
cp.calc_full_eff = false
cp.calc_spectrum = true
cp.calc_coincidence = true
cp.CP_CalcScat = true
cp.calc_effc = false
cp.calc_electron = false

DetectorType = COAXIAL
DC_CrystalDiameter = 5.51 cm
DC_CrystalHeight = 3.3 cm
DC_CrystalHoleDiameter = 1.02 cm
DC_CrystalHoleHeight = 1.99 cm
DC_CrystalFrontDeadLayer = 0.1 cm
DC_CrystalSideDeadLayer = 0.07 cm
DC_CrystalBackDeadLayer = 0.07 cm
DC_CrystalHoleBottomDeadLayer = 0.0003 cm
DC_CrystalHoleSideDeadLayer = 0.0003 cm
DC_CrystalSideCladdingThickness = 0.08 cm
DC_CapToCrystalDistance = 0.3 cm
DC_DetectorCapDiameter = 7 cm
DC_DetectorCapFrontThickness = 0.103 cm
DC_DetectorCapSideThickness = 0.1 cm
DC_DetectorCapBackThickness = 0.1 cm
DC_DetectorMountingThickness = 3 cm
DC_CrystalCurvatureRadius = 0 cm

SourceType = POINT
pdistance = 1 cm
prho = 0 cm

DC_nCrystalElements = 1
DC_ZCrystal[0] = 32
DC_FractionTypeCrystal = MASS
DC_FractionsCrystal[0] = 1
DC_RoCrystal = 5.323
DC_nCrystalSideCladdingElements = 1
DC_ZCrystalSideCladding[0] = 13
DC_FractionTypeCrystalSideCladding = MASS
DC_FractionsCrystalSideCladding[0] = 1
DC_RoCrystalSideCladding = 2.7
DC_nCrystalMountingElements = 1
DC_ZCrystalMounting[0] = 13
DC_FractionTypeCrystalMounting = MASS
DC_FractionsCrystalMounting[0] = 1
DC_RoCrystalMounting = 2.7
DC_nDetectorCapElements = 1
DC_ZDetectorCap[0] = 13
DC_FractionTypeDetectorCap = MASS
DC_FractionsDetectorCap[0] = 1
DC_RoDetectorCap = 2.7
DC_nVacuum = 1
DC_ZVacuum[0] = 13
DC_FractionTypeVacuum = MASS
DC_FractionsVacuum[0] = 1
DC_RoVacuum = 1e-10



Number of simulated decays: 1000000

Results:
-----------------------------------------------------------------------------------
##	E, MeV	I	dI(%)	CF	dCF(%)	Eff	dEff(%)	Areas	AreasCoi
-----------------------------------------------------------------------------------
1	0.039097	5.4242e-05	3.0000	0.00000	0.00	0.00e+00	0.00	0.00	0.00
2	0.039522	2.1375e-01	3.0000	1.16485	5.82	2.99e-03	3.96	639.50	549.00
3	0.040118	3.8733e-01	3.0000	1.22042	4.06	3.49e-03	2.72	1351.00	1107.00
4	0.041864	7.5722e-07	3.0000	0.00000	0.00	0.00e+00	0.00	0.00	0.50
5	0.042309	2.4718e-03	3.0000	0.93333	37.16	5.66e-03	26.73	14.00	15.00
6	0.042996	4.4548e-03	3.0000	1.03333	25.93	6.96e-03	17.96	31.00	30.00
7	0.045294	3.7849e-02	3.0000	1.31636	7.38	1.13e-02	4.85	426.50	324.00
8	0.045414	7.3287e-02	3.0000	1.16395	4.93	1.22e-02	3.35	891.00	765.50
9	0.045741	1.0848e-03	3.0000	1.94444	41.32	1.61e-02	24.41	17.50	9.00
10	0.046578	2.4188e-02	3.0000	1.06961	8.11	1.30e-02	5.63	315.00	294.50
11	0.046705	9.1609e-03	3.0000	1.09746	12.74	1.41e-02	8.81	129.50	118.00
12	0.048551	4.4179e-04	3.0000	1.21429	52.05	1.92e-02	35.78	8.50	7.00
13	0.048695	8.5499e-04	3.0000	1.40000	43.18	1.64e-02	26.73	14.00	10.00
14	0.049038	1.3466e-05	3.0000	0.00000	0.00	0.00e+00	0.00	0.00	1.00
15	0.049959	2.8592e-04	3.0000	1.07692	56.08	2.45e-02	37.80	7.00	6.50
16	0.050099	1.1068e-04	3.0000	3.00000	168.33	2.71e-02	57.74	3.00	1.00
17	0.118970	5.3181e-06	20.0036	0.33333	244.95	9.40e-02	223.61	0.50	1.50
18	0.121782	2.8531e-01	0.5320	1.14280	0.70	1.53e-01	0.48	43615.00	38165.00
19	0.125680	5.1319e-05	3.6467	0.62500	47.96	1.46e-01	38.30	7.50	12.00
20	0.137560	7.4453e-06	17.8612	1.60000	87.75	5.37e-01	50.00	4.00	2.50
21	0.148000	2.0475e-04	5.2086	1.04348	29.62	1.17e-01	21.04	24.00	23.00
22	0.150130	9.0407e-06	8.8317	3.00000	115.47	3.32e-01	57.74	3.00	1.00
23	0.172100	4.2546e-06	50.0000	0.00000	0.00	1.18e-01	223.61	0.50	0.00
24	0.174800	1.3827e-05	13.4615	0.00000	0.00	0.00e+00	0.00	0.00	2.00
25	0.192600	6.8073e-05	3.1250	1.10000	72.57	8.08e-02	45.45	5.50	5.00
26	0.195220	2.0475e-05	9.0909	0.00000	0.00	0.00e+00	0.00	0.00	0.00
27	0.207030	1.1434e-05	20.9337	0.25000	234.52	4.37e-02	223.61	0.50	2.00
28	0.207640	7.3389e-05	3.6430	1.63636	56.37	1.23e-01	33.33	9.00	5.50
29	0.209300	1.7018e-06	6.2500	0.00000	0.00	0.00e+00	0.00	0.00	0.50
30	0.209410	1.1966e-05	33.3333	0.00000	0.00	1.67e-01	70.71	2.00	0.00
31	0.209970	4.3076e-05	16.0539	1.75000	110.54	8.13e-02	58.90	3.50	2.00
32	0.210950	3.8024e-05	4.2129	1.16667	82.48	9.20e-02	58.90	3.50	3.00
33	0.212430	2.0740e-04	2.5920	1.82353	30.18	1.49e-01	17.96	31.00	17.00
34	0.237100	6.3285e-05	2.9656	2.25000	60.09	1.42e-01	33.33	9.00	4.00
35	0.239330	5.3181e-05	0.3795	1.37500	67.57	1.03e-01	45.45	5.50	4.00
36	0.241000	3.7226e-06	0.3795	0.00000	0.00	5.37e-01	70.71	2.00	0.00
37	0.244697	7.5490e-02	0.5178	1.25238	1.77	9.48e-02	1.18	7158.00	5715.50
38	0.251633	6.7008e-04	2.8036	1.12903	17.44	1.04e-01	11.95	70.00	62.00
39	0.269840	7.8441e-05	6.4518	0.37500	67.70	3.82e-02	57.74	3.00	8.00
40	0.271080	7.1530e-04	2.6022	1.36957	19.39	8.81e-02	12.60	63.00	46.00
41	0.272410	6.3817e-06	25.0029	0.00000	0.00	0.00e+00	0.00	0.00	0.00
42	0.275420	3.4567e-04	2.3387	1.29167	27.19	8.97e-02	17.96	31.00	24.00
43	0.285980	9.8384e-05	16.2207	1.60000	59.03	8.13e-02	38.53	8.00	5.00
44	0.286500	1.3827e-05	21.1573	2.00000	100.00	1.45e-01	70.71	2.00	0.00
45	0.287100	8.1103e-06	8.5246	0.00000	0.00	1.85e-01	100.00	1.50	0.00
46	0.295939	4.4034e-03	0.9821	1.29865	8.27	7.65e-02	5.45	337.00	259.50
47	0.315100	3.9887e-04	2.6667	1.35294	31.98	5.77e-02	20.85	23.00	17.00
48	0.316130	1.0051e-04	5.0408	1.83333	50.75	1.09e-01	30.15	11.00	6.00
49	0.320100	2.0475e-05	5.2086	0.00000	0.00	4.88e-02	100.00	1.00	0.00
50	0.324830	6.8073e-04	2.7344	1.35897	21.10	7.79e-02	13.74	53.00	39.00
51	0.324914	4.9725e-05	4.8128	1.12500	71.36	9.05e-02	50.92	4.50	4.00
52	0.328764	3.4568e-05	6.1538	1.00000	141.42	2.89e-02	100.00	1.00	1.00
53	0.329410	1.2125e-03	2.0098	1.39496	17.05	6.85e-02	10.98	83.00	59.50
54	0.330580	9.3066e-05	11.4349	1.14286	83.11	4.30e-02	58.63	4.00	3.50
55	0.340460	2.6590e-04	3.0239	1.44828	34.66	7.90e-02	21.82	21.00	14.50
56	0.344278	2.6591e-01	0.6000	1.10214	1.12	6.30e-02	0.77	16763.50	15210.00
57	0.345540	9.8118e-05	4.8928	0.72727	67.57	4.08e-02	50.00	4.00	5.50
58	0.348752	1.7018e-05	9.3827	0.00000	0.00	0.00e+00	0.00	0.00	0.00
59	0.351660	1.0636e-04	7.5000	4.00000	108.01	5.64e-02	40.82	6.00	1.50
60	0.354160	9.5728e-06	11.1111	0.00000	0.00	0.00e+00	0.00	0.00	0.00
61	0.357260	6.0892e-05	6.9972	1.00000	100.00	3.28e-02	70.71	2.00	2.00
62	0.358480	1.6486e-05	8.0734	0.75000	122.47	9.10e-02	100.00	1.50	2.00
63	0.367789	8.5942e-03	0.4641	1.37901	7.09	5.50e-02	4.60	473.00	343.00
64	0.378150	2.3665e-06	23.5986	0.00000	0.00	0.00e+00	0.00	0.00	0.00
65	0.385610	5.5574e-05	4.3229	4.66667	106.90	1.26e-01	37.80	7.00	1.50
66	0.387900	2.9250e-05	9.0909	1.00000	141.42	3.42e-02	100.00	1.00	1.00
67	0.391190	1.4093e-05	3.0426	0.00000	0.00	1.42e-01	70.71	2.00	0.00
68	0.397750	3.7226e-06	15.7189	0.00000	0.00	0.00e+00	0.00	0.00	1.00
69	0.401290	6.3817e-06	6.6775	0.00000	0.00	0.00e+00	0.00	0.00	0.00
70	0.411116	2.2371e-02	0.3090	1.23739	4.45	5.04e-02	2.98	1128.50	912.00
71	0.416020	1.0875e-03	1.7531	1.40816	18.68	6.34e-02	12.04	69.00	49.00
72	0.423450	2.9781e-05	7.1529	4.00000	122.47	6.72e-02	70.71	2.00	0.00
73	0.440860	6.2489e-05	6.8085	1.33333	76.38	6.40e-02	50.00	4.00	3.00
74	0.443961	2.8266e-02	0.4729	1.19298	4.12	4.57e-02	2.78	1292.00	1083.00
75	0.444010	2.9781e-03	3.5915	1.31250	14.21	3.88e-02	9.40	115.50	88.00
76	0.464280	4.5204e-06	41.1782	0.00000	0.00	1.11e-01	223.61	0.50	0.00
77	0.476420	1.7018e-05	18.7538	0.00000	0.00	0.00e+00	0.00	0.00	0.50
78	0.482330	2.4729e-04	3.2481	0.94444	48.90	3.44e-02	35.78	8.50	9.00
79	0.482400	2.3400e-05	4.5455	1.00000	316.23	2.14e-02	223.61	0.50	0.50
80	0.488679	4.1428e-03	0.7457	1.21329	11.31	4.19e-02	7.61	173.50	143.00
81	0.493540	3.0313e-04	4.4024	0.62963	30.96	5.61e-02	24.25	17.00	27.00
82	0.493780	9.7589e-05	4.3597	0.00000	0.00	0.00e+00	0.00	0.00	1.50
83	0.496400	5.8766e-05	4.0724	0.72727	67.57	6.81e-02	50.00	4.00	5.50
84	0.496560	5.8499e-05	36.3656	0.00000	0.00	3.42e-02	70.71	2.00	0.00
85	0.503467	1.5237e-03	1.2216	1.64286	19.57	4.53e-02	12.04	69.00	42.00
86	0.511000	5.1198e-04	3.0000	0.86275	29.30	4.30e-02	21.32	22.00	25.50
87	0.514780	4.2544e-06	18.7538	0.00000	0.00	0.00e+00	0.00	0.00	2.00
88	0.520240	5.3448e-04	2.9851	1.11111	33.06	3.74e-02	23.18	20.00	18.00
89	0.523130	1.5289e-04	4.1911	1.11111	67.77	3.27e-02	44.72	5.00	4.50
90	0.526880	1.1966e-04	6.6667	0.75000	86.60	2.51e-02	70.71	3.00	4.00
91	0.527100	1.8613e-06	0.3795	0.00000	0.00	0.00e+00	0.00	0.00	0.00
92	0.534250	4.0950e-04	2.5974	0.94118	34.83	3.91e-02	25.00	16.00	17.00
93	0.535440	1.7284e-05	7.7017	0.00000	0.00	0.00e+00	0.00	0.00	0.00
94	0.538290	4.3342e-05	6.7591	0.00000	0.00	0.00e+00	0.00	0.00	5.00
95	0.556480	1.7709e-04	3.4742	1.14286	51.75	4.52e-02	35.36	8.00	7.00
96	0.557800	2.9250e-05	11.8182	1.00000	316.23	1.71e-02	223.61	0.50	0.50
97	0.561260	1.4093e-05	16.9854	0.00000	0.00	0.00e+00	0.00	0.00	0.00
98	0.562980	2.0209e-04	9.2183	1.50000	64.55	2.97e-02	40.82	6.00	4.00
99	0.563100	3.0048e-06	7.0796	0.00000	0.00	3.33e-01	100.00	1.00	0.00
100	0.563986	4.9352e-03	0.9419	1.06646	11.09	3.41e-02	7.72	168.50	158.00
101	0.566438	1.3109e-03	2.4635	0.44944	19.04	3.05e-02	15.81	40.00	89.00
102	0.571830	4.4406e-05	3.6128	0.00000	0.00	1.13e-02	223.61	0.50	0.00
103	0.586265	4.5471e-03	0.7602	1.30980	11.78	3.67e-02	7.74	167.00	127.50
104	0.588600	2.3931e-05	44.4461	0.00000	0.00	0.00e+00	0.00	0.00	0.00
105	0.589830	1.3029e-05	6.1342	0.00000	0.00	0.00e+00	0.00	0.00	0.00
106	0.608060	2.6590e-06	30.0024	0.00000	0.00	3.76e-01	100.00	1.00	0.00
107	0.609230	1.2232e-05	13.0490	1.00000	141.42	8.18e-02	100.00	1.00	1.00
108	0.616050	9.1737e-05	5.8095	2.50000	123.29	2.73e-02	72.11	2.50	1.00
109	0.644390	6.5944e-05	7.2680	9.00000	229.33	6.82e-02	50.92	4.50	0.50
110	0.656489	1.4412e-03	1.5240	1.66667	22.02	3.82e-02	13.48	55.00	33.00
111	0.664770	9.9182e-05	5.1080	0.40000	83.67	2.02e-02	70.71	2.00	5.00
112	0.671155	2.4463e-04	17.3954	1.40000	58.55	2.86e-02	37.80	7.00	5.00
113	0.674640	1.6911e-03	1.9246	1.31707	20.71	3.19e-02	13.61	54.00	41.00
114	0.675000	2.1273e-04	3.7500	1.50000	76.98	2.12e-02	50.92	4.50	3.00
115	0.678623	4.7252e-03	0.6753	1.55172	13.75	2.86e-02	8.61	135.00	87.00
116	0.683250	4.7331e-05	5.6308	0.00000	0.00	2.11e-02	100.00	1.00	0.00
117	0.686600	2.0262e-04	3.3027	0.58824	39.85	4.94e-02	31.62	10.00	17.00
118	0.688670	8.5647e-03	0.7014	0.98374	9.05	2.83e-02	6.43	242.00	246.00
119	0.703010	3.8557e-05	7.5862	3.00000	141.42	3.89e-02	100.00	1.50	0.00
120	0.703550	2.6591e-05	10.0000	0.00000	0.00	0.00e+00	0.00	0.00	1.00
121	0.707160	1.4226e-05	3.9435	0.00000	0.00	0.00e+00	0.00	0.00	0.00
122	0.712830	9.5462e-04	2.5070	0.63462	22.26	3.46e-02	17.41	33.00	52.00
123	0.719346	2.4995e-03	3.2140	1.05479	16.34	3.08e-02	11.40	77.00	73.00
124	0.719360	9.4927e-04	3.3827	1.00000	27.74	2.74e-02	19.61	26.00	26.00
125	0.728040	1.1115e-04	3.3707	0.66667	91.29	1.80e-02	70.71	2.00	3.00
126	0.734140	9.0407e-06	14.7108	0.00000	0.00	0.00e+00	0.00	0.00	3.00
127	0.735430	4.4140e-05	4.2339	0.00000	0.00	0.00e+00	0.00	0.00	0.00
128	0.756160	4.4406e-05	9.5884	0.00000	0.00	0.00e+00	0.00	0.00	69.00
129	0.764880	1.8933e-03	2.2472	1.57576	22.56	2.75e-02	13.87	52.00	33.00
130	0.766380	6.9135e-06	11.5447	0.00000	0.00	0.00e+00	0.00	0.00	0.00
131	0.768960	8.1898e-04	5.2086	0.90909	30.90	2.44e-02	22.36	20.00	22.00
132	0.778904	1.2929e-01	0.4525	1.14912	2.54	2.57e-02	1.73	3329.00	2897.00
133	0.794780	2.6325e-04	6.0606	1.87500	62.98	2.85e-02	38.30	7.50	4.00
134	0.802000	4.1215e-06	11.6191	0.00000	0.00	0.00e+00	0.00	0.00	0.00
135	0.805710	1.5183e-04	3.8715	1.50000	91.29	1.98e-02	57.74	3.00	2.00
136	0.810451	3.1722e-03	0.9201	0.97403	16.22	2.36e-02	11.55	75.00	77.00
137	0.813210	4.3076e-05	9.8838	0.22222	112.22	2.32e-02	100.00	1.00	4.50
138	0.839360	1.7709e-04	2.8780	0.50000	86.60	1.13e-02	70.71	2.00	4.00
139	0.841574	1.6752e-03	1.7868	0.88235	25.05	1.79e-02	18.26	30.00	34.00
140	0.850100	7.7114e-06	10.3448	0.00000	0.00	0.00e+00	0.00	0.00	2.00
141	0.855210	1.9677e-05	6.7674	0.00000	0.00	0.00e+00	0.00	0.00	0.00
142	0.867380	4.2279e-02	0.6815	1.23477	4.79	2.30e-02	3.21	973.00	788.00
143	0.901190	8.5355e-04	2.8293	0.82759	27.60	2.81e-02	20.41	24.00	29.00
144	0.906060	9.1737e-05	4.3644	1.33333	76.38	4.36e-02	50.00	4.00	3.00
145	0.919337	4.1853e-03	1.0851	1.33333	15.59	2.29e-02	10.21	96.00	72.00
146	0.919740	6.4880e-05	5.7502	0.00000	0.00	3.08e-02	70.71	2.00	0.00
147	0.926310	2.7228e-03	1.2318	0.86667	18.95	1.91e-02	13.87	52.00	60.00
148	0.930590	7.2859e-04	2.5547	0.64865	37.36	1.65e-02	28.87	12.00	18.50
149	0.937050	2.6591e-05	30.0000	0.00000	0.00	0.00e+00	0.00	0.00	0.00
150	0.947150	1.0902e-05	17.0774	1.00000	141.42	9.17e-02	100.00	1.00	1.00
151	0.958630	1.9677e-04	5.4187	3.00000	115.47	1.52e-02	57.74	3.00	1.00
152	0.961080	7.9771e-05	26.6694	1.00000	100.00	2.51e-02	70.71	2.00	2.00
153	0.963367	1.4040e-03	4.3726	0.98571	24.12	2.46e-02	17.21	34.50	35.00
154	0.964057	1.4510e-01	0.4481	1.06960	2.57	2.16e-02	1.79	3135.00	2931.00
155	0.968650	7.9239e-05	2.7113	0.00000	0.00	0.00e+00	0.00	0.00	2.00
156	0.970220	1.1966e-05	26.6667	0.00000	0.00	0.00e+00	0.00	0.00	0.00
157	0.974090	1.3561e-04	5.8824	1.00000	81.65	2.21e-02	57.74	3.00	3.00
158	0.990180	3.1377e-04	4.2373	1.50000	64.55	1.91e-02	40.82	6.00	4.00
159	1.005270	6.5944e-03	1.6569	1.20652	14.10	1.68e-02	9.49	111.00	92.00
160	1.050100	7.1794e-06	40.7425	0.00000	0.00	0.00e+00	0.00	0.00	0.00
161	1.084380	1.0636e-04	7.5096	0.50000	122.47	9.40e-03	100.00	1.00	2.00
162	1.085837	1.0115e-01	0.4617	1.11001	3.32	1.99e-02	2.23	2008.00	1809.00
163	1.089737	1.7337e-02	0.4601	1.07332	7.81	1.98e-02	5.39	344.00	320.50
164	1.109180	1.8853e-03	3.3850	1.05556	23.26	2.02e-02	16.22	38.00	36.00
165	1.112076	1.3667e-01	0.5867	1.09577	2.87	1.89e-02	1.97	2580.00	2354.50
166	1.170970	3.7226e-04	4.3025	0.64706	38.70	2.95e-02	30.15	11.00	17.00
167	1.206090	1.3030e-04	10.2041	1.00000	81.65	2.30e-02	57.74	3.00	3.00
168	1.212948	1.4146e-02	0.5476	1.27404	9.26	1.87e-02	6.14	265.00	208.00
169	1.246340	9.3066e-06	14.2908	0.00000	0.00	0.00e+00	0.00	0.00	0.00
170	1.249940	1.8693e-03	1.3353	1.10145	23.65	2.03e-02	16.22	38.00	34.50
171	1.261350	3.3505e-04	3.9683	0.62500	57.01	1.49e-02	44.72	5.00	8.00
172	1.292780	1.0051e-03	2.6726	0.97297	33.44	1.79e-02	23.57	18.00	18.50
173	1.299142	1.6327e-02	0.4886	1.26492	9.25	1.62e-02	6.14	265.00	209.50
174	1.314600	1.9146e-05	27.7778	0.00000	0.00	0.00e+00	0.00	0.00	1.00
175	1.315580	3.6429e-05	4.3960	0.00000	0.00	0.00e+00	0.00	0.00	0.00
176	1.318380	1.5689e-05	8.4746	0.00000	0.00	0.00e+00	0.00	0.00	0.00
177	1.348100	1.7284e-04	4.6154	1.00000	70.71	2.31e-02	50.00	4.00	4.00
178	1.363780	2.5846e-04	2.2950	1.66667	73.03	1.93e-02	44.72	5.00	3.00
179	1.390500	4.2544e-05	3.7692	2.00000	122.47	4.70e-02	70.71	2.00	1.00
180	1.408013	2.0868e-01	0.4141	1.10045	2.56	1.53e-02	1.77	3199.00	2907.00
181	1.455100	2.4995e-05	19.1527	0.00000	0.00	0.00e+00	0.00	0.00	3.00
182	1.457643	4.9697e-03	0.8397	1.06452	18.76	1.33e-02	12.31	66.00	62.00
183	1.491400	5.8499e-06	45.4561	0.00000	0.00	3.42e-01	70.71	2.00	0.00
184	1.528100	2.7946e-03	1.2032	0.76190	23.46	1.15e-02	17.68	32.00	42.00
185	1.605620	7.8709e-05	4.7297	0.00000	0.00	1.27e-02	100.00	1.00	0.00
186	1.608360	5.3978e-05	3.9591	0.00000	0.00	0.00e+00	0.00	0.00	1.00
187	1.635380	1.6220e-06	26.2323	0.00000	0.00	0.00e+00	0.00	0.00	1.00
188	1.647440	7.2592e-05	4.7770	0.00000	0.00	0.00e+00	0.00	0.00	0.00
189	1.769090	9.3066e-05	2.3170	0.50000	122.47	1.07e-02	100.00	1.00	2.00
-----------------------------------------------------------------------------------
